  Main.c
c:\users\tommey\documents\github\war\war\main.c(14): warning C4244: 'function': conversion from 'time_t' to 'unsigned int', possible loss of data
c:\users\tommey\documents\github\war\war\main.c(21): warning C4047: 'initializing': 'char' differs in levels of indirection from 'void *'
c:\users\tommey\documents\github\war\war\main.c(145): warning C4473: 'scanf_s' : not enough arguments passed for format string
  c:\users\tommey\documents\github\war\war\main.c(145): note: placeholders and their parameters expect 2 variadic arguments, but 1 were provided
  c:\users\tommey\documents\github\war\war\main.c(145): note: the missing variadic argument 2 is required by format string '%c'
  c:\users\tommey\documents\github\war\war\main.c(145): note: this argument is used as a buffer size
c:\users\tommey\documents\github\war\war\main.c(174): warning C4473: 'scanf_s' : not enough arguments passed for format string
  c:\users\tommey\documents\github\war\war\main.c(174): note: placeholders and their parameters expect 2 variadic arguments, but 1 were provided
  c:\users\tommey\documents\github\war\war\main.c(174): note: the missing variadic argument 2 is required by format string '%c'
  c:\users\tommey\documents\github\war\war\main.c(174): note: this argument is used as a buffer size
c:\users\tommey\documents\github\war\war\main.c(175): warning C4473: 'scanf_s' : not enough arguments passed for format string
  c:\users\tommey\documents\github\war\war\main.c(175): note: placeholders and their parameters expect 2 variadic arguments, but 1 were provided
  c:\users\tommey\documents\github\war\war\main.c(175): note: the missing variadic argument 2 is required by format string '%c'
  c:\users\tommey\documents\github\war\war\main.c(175): note: this argument is used as a buffer size
c:\users\tommey\documents\github\war\war\main.c(265): warning C4477: 'scanf_s' : format string '%c' requires an argument of type 'char *', but variadic argument 1 has type 'int *'
  c:\users\tommey\documents\github\war\war\main.c(265): note: this argument is used by a conversion specifier
c:\users\tommey\documents\github\war\war\main.c(265): warning C4473: 'scanf_s' : not enough arguments passed for format string
  c:\users\tommey\documents\github\war\war\main.c(265): note: placeholders and their parameters expect 2 variadic arguments, but 1 were provided
  c:\users\tommey\documents\github\war\war\main.c(265): note: the missing variadic argument 2 is required by format string '%c'
  c:\users\tommey\documents\github\war\war\main.c(265): note: this argument is used as a buffer size
  War.vcxproj -> C:\Users\Tommey\Documents\GitHub\War\x64\Debug\War.exe
  War.vcxproj -> C:\Users\Tommey\Documents\GitHub\War\x64\Debug\War.pdb (Partial PDB)
